2019-10-21 17:09:22,219 [ModalContext] WARN  o.e.m.i.discovery.MavenDiscovery - CatalogItem org.eclipse.m2e.discovery.lifecyclemapping.m2e-wtp does not contain lifecycle mapping metadata
2019-10-21 17:09:22,232 [ModalContext] WARN  o.e.m.i.discovery.MavenDiscovery - CatalogItem org.eclipse.m2e.discovery.lifecyclemapping.m2e-egit does not contain lifecycle mapping metadata
2019-10-21 17:09:22,235 [ModalContext] WARN  o.e.m.i.discovery.MavenDiscovery - CatalogItem org.eclipse.m2e.discovery.lifecyclemapping.m2e-subversive does not contain lifecycle mapping metadata
2019-10-21 17:09:22,239 [ModalContext] WARN  o.e.m.i.discovery.MavenDiscovery - CatalogItem org.eclipse.m2e.discovery.lifecyclemapping.m2e-subclipse does not contain lifecycle mapping metadata
2020-02-26 06:06:55,090 [Worker-4: Loading available Gradle versions] INFO  c.g.t.t.d.PublishedGradleVersions - Gradle version information cache is up-to-date. Trying to read.
2020-02-26 06:07:02,371 [Worker-5: Decoration Calculation] ERROR o.e.m.c.i.p.r.ProjectRegistryReader - Can't read workspace state
java.io.InvalidClassException: org.eclipse.m2e.core.internal.project.registry.BasicProjectRegistry; local class incompatible: stream classdesc serialVersionUID = 5542512601401896748, local class serialVersionUID = 6232274446642339434
	at java.io.ObjectStreamClass.initNonProxy(ObjectStreamClass.java:699) ~[na:1.8.0_192]
	at java.io.ObjectInputStream.readNonProxyDesc(ObjectInputStream.java:1885) ~[na:1.8.0_192]
	at java.io.ObjectInputStream.readClassDesc(ObjectInputStream.java:1751) ~[na:1.8.0_192]
	at java.io.ObjectInputStream.readNonProxyDesc(ObjectInputStream.java:1885) ~[na:1.8.0_192]
	at java.io.ObjectInputStream.readClassDesc(ObjectInputStream.java:1751) ~[na:1.8.0_192]
	at java.io.ObjectInputStream.readOrdinaryObject(ObjectInputStream.java:2042) ~[na:1.8.0_192]
	at java.io.ObjectInputStream.readObject0(ObjectInputStream.java:1573) ~[na:1.8.0_192]
	at java.io.ObjectInputStream.readObject(ObjectInputStream.java:431) ~[na:1.8.0_192]
	at org.eclipse.m2e.core.internal.project.registry.ProjectRegistryReader.readWorkspaceState(ProjectRegistryReader.java:100) ~[org.eclipse.m2e.core_1.9.1.20180912-1601.jar:na]
	at org.eclipse.m2e.core.internal.project.registry.ProjectRegistryManager.<init>(ProjectRegistryManager.java:164) [org.eclipse.m2e.core_1.9.1.20180912-1601.jar:na]
	at org.eclipse.m2e.core.internal.MavenPluginActivator.start(MavenPluginActivator.java:240) [org.eclipse.m2e.core_1.9.1.20180912-1601.jar:na]
	at org.eclipse.osgi.internal.framework.BundleContextImpl$3.run(BundleContextImpl.java:782) [org.eclipse.osgi_3.13.100.v20180827-1536.jar:na]
	at org.eclipse.osgi.internal.framework.BundleContextImpl$3.run(BundleContextImpl.java:1) [org.eclipse.osgi_3.13.100.v20180827-1536.jar:na]
	at java.security.AccessController.doPrivileged(Native Method) [na:1.8.0_192]
	at org.eclipse.osgi.internal.framework.BundleContextImpl.startActivator(BundleContextImpl.java:775) [org.eclipse.osgi_3.13.100.v20180827-1536.jar:na]
	at org.eclipse.osgi.internal.framework.BundleContextImpl.start(BundleContextImpl.java:732) [org.eclipse.osgi_3.13.100.v20180827-1536.jar:na]
	at org.eclipse.osgi.internal.framework.EquinoxBundle.startWorker0(EquinoxBundle.java:1005) [org.eclipse.osgi_3.13.100.v20180827-1536.jar:na]
	at org.eclipse.osgi.internal.framework.EquinoxBundle$EquinoxModule.startWorker(EquinoxBundle.java:357) [org.eclipse.osgi_3.13.100.v20180827-1536.jar:na]
	at org.eclipse.osgi.container.Module.doStart(Module.java:584) [org.eclipse.osgi_3.13.100.v20180827-1536.jar:na]
	at org.eclipse.osgi.container.Module.start(Module.java:452) [org.eclipse.osgi_3.13.100.v20180827-1536.jar:na]
	at org.eclipse.osgi.framework.util.SecureAction.start(SecureAction.java:471) [org.eclipse.osgi_3.13.100.v20180827-1536.jar:na]
	at org.eclipse.osgi.internal.hooks.EclipseLazyStarter.postFindLocalClass(EclipseLazyStarter.java:117) [org.eclipse.osgi_3.13.100.v20180827-1536.jar:na]
	at org.eclipse.osgi.internal.loader.classpath.ClasspathManager.findLocalClass(ClasspathManager.java:557) [org.eclipse.osgi_3.13.100.v20180827-1536.jar:na]
	at org.eclipse.osgi.internal.loader.ModuleClassLoader.findLocalClass(ModuleClassLoader.java:331) [org.eclipse.osgi_3.13.100.v20180827-1536.jar:na]
	at org.eclipse.osgi.internal.loader.BundleLoader.findLocalClass(BundleLoader.java:395) [org.eclipse.osgi_3.13.100.v20180827-1536.jar:na]
	at org.eclipse.osgi.internal.loader.sources.SingleSourcePackage.loadClass(SingleSourcePackage.java:39) [org.eclipse.osgi_3.13.100.v20180827-1536.jar:na]
	at org.eclipse.osgi.internal.loader.BundleLoader.findClassInternal(BundleLoader.java:469) [org.eclipse.osgi_3.13.100.v20180827-1536.jar:na]
	at org.eclipse.osgi.internal.loader.BundleLoader.findClass(BundleLoader.java:422) [org.eclipse.osgi_3.13.100.v20180827-1536.jar:na]
	at org.eclipse.osgi.internal.loader.BundleLoader.findClass(BundleLoader.java:414) [org.eclipse.osgi_3.13.100.v20180827-1536.jar:na]
	at org.eclipse.osgi.internal.loader.ModuleClassLoader.loadClass(ModuleClassLoader.java:153) [org.eclipse.osgi_3.13.100.v20180827-1536.jar:na]
	at java.lang.ClassLoader.loadClass(ClassLoader.java:357) [na:1.8.0_192]
	at java.lang.Class.forName0(Native Method) [na:1.8.0_192]
	at java.lang.Class.forName(Class.java:264) [na:1.8.0_192]
	at org.sonarlint.eclipse.m2e.internal.MavenModuleFilter.isM2ePresent(MavenModuleFilter.java:35) [org.sonarlint.eclipse.m2e_4.0.0.201810170711.jar:na]
	at org.sonarlint.eclipse.m2e.internal.MavenModuleFilter.<init>(MavenModuleFilter.java:30) [org.sonarlint.eclipse.m2e_4.0.0.201810170711.jar:na]
	at sun.reflect.NativeConstructorAccessorImpl.newInstance0(Native Method) [na:1.8.0_192]
	at sun.reflect.NativeConstructorAccessorImpl.newInstance(NativeConstructorAccessorImpl.java:62) [na:1.8.0_192]
	at sun.reflect.DelegatingConstructorAccessorImpl.newInstance(DelegatingConstructorAccessorImpl.java:45) [na:1.8.0_192]
	at java.lang.reflect.Constructor.newInstance(Constructor.java:423) [na:1.8.0_192]
	at java.lang.Class.newInstance(Class.java:442) [na:1.8.0_192]
	at org.eclipse.core.internal.registry.osgi.RegistryStrategyOSGI.createExecutableExtension(RegistryStrategyOSGI.java:190) [org.eclipse.equinox.registry_3.8.100.v20180827-1235.jar:na]
	at org.eclipse.core.internal.registry.ExtensionRegistry.createExecutableExtension(ExtensionRegistry.java:934) [org.eclipse.equinox.registry_3.8.100.v20180827-1235.jar:na]
	at org.eclipse.core.internal.registry.ConfigurationElement.createExecutableExtension(ConfigurationElement.java:246) [org.eclipse.equinox.registry_3.8.100.v20180827-1235.jar:na]
	at org.eclipse.core.internal.registry.ConfigurationElementHandle.createExecutableExtension(ConfigurationElementHandle.java:63) [org.eclipse.equinox.registry_3.8.100.v20180827-1235.jar:na]
	at org.sonarlint.eclipse.core.internal.extension.SonarLintExtensionTracker.instanciateAndRegister(SonarLintExtensionTracker.java:105) [org.sonarlint.eclipse.core_4.0.0.201810170711.jar:na]
	at org.sonarlint.eclipse.core.internal.extension.SonarLintExtensionTracker.addExtension(SonarLintExtensionTracker.java:95) [org.sonarlint.eclipse.core_4.0.0.201810170711.jar:na]
	at org.sonarlint.eclipse.core.internal.extension.SonarLintExtensionTracker.start(SonarLintExtensionTracker.java:78) [org.sonarlint.eclipse.core_4.0.0.201810170711.jar:na]
	at org.sonarlint.eclipse.core.internal.SonarLintCorePlugin.start(SonarLintCorePlugin.java:97) [org.sonarlint.eclipse.core_4.0.0.201810170711.jar:na]
	at org.eclipse.osgi.internal.framework.BundleContextImpl$3.run(BundleContextImpl.java:782) [org.eclipse.osgi_3.13.100.v20180827-1536.jar:na]
	at org.eclipse.osgi.internal.framework.BundleContextImpl$3.run(BundleContextImpl.java:1) [org.eclipse.osgi_3.13.100.v20180827-1536.jar:na]
	at java.security.AccessController.doPrivileged(Native Method) [na:1.8.0_192]
	at org.eclipse.osgi.internal.framework.BundleContextImpl.startActivator(BundleContextImpl.java:775) [org.eclipse.osgi_3.13.100.v20180827-1536.jar:na]
	at org.eclipse.osgi.internal.framework.BundleContextImpl.start(BundleContextImpl.java:732) [org.eclipse.osgi_3.13.100.v20180827-1536.jar:na]
	at org.eclipse.osgi.internal.framework.EquinoxBundle.startWorker0(EquinoxBundle.java:1005) [org.eclipse.osgi_3.13.100.v20180827-1536.jar:na]
	at org.eclipse.osgi.internal.framework.EquinoxBundle$EquinoxModule.startWorker(EquinoxBundle.java:357) [org.eclipse.osgi_3.13.100.v20180827-1536.jar:na]
	at org.eclipse.osgi.container.Module.doStart(Module.java:584) [org.eclipse.osgi_3.13.100.v20180827-1536.jar:na]
	at org.eclipse.osgi.container.Module.start(Module.java:452) [org.eclipse.osgi_3.13.100.v20180827-1536.jar:na]
	at org.eclipse.osgi.framework.util.SecureAction.start(SecureAction.java:471) [org.eclipse.osgi_3.13.100.v20180827-1536.jar:na]
	at org.eclipse.osgi.internal.hooks.EclipseLazyStarter.postFindLocalClass(EclipseLazyStarter.java:117) [org.eclipse.osgi_3.13.100.v20180827-1536.jar:na]
	at org.eclipse.osgi.internal.loader.classpath.ClasspathManager.findLocalClass(ClasspathManager.java:557) [org.eclipse.osgi_3.13.100.v20180827-1536.jar:na]
	at org.eclipse.osgi.internal.loader.ModuleClassLoader.findLocalClass(ModuleClassLoader.java:331) [org.eclipse.osgi_3.13.100.v20180827-1536.jar:na]
	at org.eclipse.osgi.internal.loader.BundleLoader.findLocalClass(BundleLoader.java:395) [org.eclipse.osgi_3.13.100.v20180827-1536.jar:na]
	at org.eclipse.osgi.internal.loader.sources.SingleSourcePackage.loadClass(SingleSourcePackage.java:39) [org.eclipse.osgi_3.13.100.v20180827-1536.jar:na]
	at org.eclipse.osgi.internal.loader.BundleLoader.findClassInternal(BundleLoader.java:469) [org.eclipse.osgi_3.13.100.v20180827-1536.jar:na]
	at org.eclipse.osgi.internal.loader.BundleLoader.findClass(BundleLoader.java:422) [org.eclipse.osgi_3.13.100.v20180827-1536.jar:na]
	at org.eclipse.osgi.internal.loader.BundleLoader.findClass(BundleLoader.java:414) [org.eclipse.osgi_3.13.100.v20180827-1536.jar:na]
	at org.eclipse.osgi.internal.loader.ModuleClassLoader.loadClass(ModuleClassLoader.java:153) [org.eclipse.osgi_3.13.100.v20180827-1536.jar:na]
	at java.lang.ClassLoader.loadClass(ClassLoader.java:357) [na:1.8.0_192]
	at java.lang.Class.getDeclaredConstructors0(Native Method) [na:1.8.0_192]
	at java.lang.Class.privateGetDeclaredConstructors(Class.java:2671) [na:1.8.0_192]
	at java.lang.Class.getConstructor0(Class.java:3075) [na:1.8.0_192]
	at java.lang.Class.newInstance(Class.java:412) [na:1.8.0_192]
	at org.eclipse.osgi.internal.framework.BundleContextImpl.loadBundleActivator(BundleContextImpl.java:766) [org.eclipse.osgi_3.13.100.v20180827-1536.jar:na]
	at org.eclipse.osgi.internal.framework.BundleContextImpl.start(BundleContextImpl.java:719) [org.eclipse.osgi_3.13.100.v20180827-1536.jar:na]
	at org.eclipse.osgi.internal.framework.EquinoxBundle.startWorker0(EquinoxBundle.java:1005) [org.eclipse.osgi_3.13.100.v20180827-1536.jar:na]
	at org.eclipse.osgi.internal.framework.EquinoxBundle$EquinoxModule.startWorker(EquinoxBundle.java:357) [org.eclipse.osgi_3.13.100.v20180827-1536.jar:na]
	at org.eclipse.osgi.container.Module.doStart(Module.java:584) [org.eclipse.osgi_3.13.100.v20180827-1536.jar:na]
	at org.eclipse.osgi.container.Module.start(Module.java:452) [org.eclipse.osgi_3.13.100.v20180827-1536.jar:na]
	at org.eclipse.osgi.framework.util.SecureAction.start(SecureAction.java:471) [org.eclipse.osgi_3.13.100.v20180827-1536.jar:na]
	at org.eclipse.osgi.internal.hooks.EclipseLazyStarter.postFindLocalClass(EclipseLazyStarter.java:117) [org.eclipse.osgi_3.13.100.v20180827-1536.jar:na]
	at org.eclipse.osgi.internal.loader.classpath.ClasspathManager.findLocalClass(ClasspathManager.java:557) [org.eclipse.osgi_3.13.100.v20180827-1536.jar:na]
	at org.eclipse.osgi.internal.loader.ModuleClassLoader.findLocalClass(ModuleClassLoader.java:331) [org.eclipse.osgi_3.13.100.v20180827-1536.jar:na]
	at org.eclipse.osgi.internal.loader.BundleLoader.findLocalClass(BundleLoader.java:395) [org.eclipse.osgi_3.13.100.v20180827-1536.jar:na]
	at org.eclipse.osgi.internal.loader.BundleLoader.findClassInternal(BundleLoader.java:473) [org.eclipse.osgi_3.13.100.v20180827-1536.jar:na]
	at org.eclipse.osgi.internal.loader.BundleLoader.findClass(BundleLoader.java:422) [org.eclipse.osgi_3.13.100.v20180827-1536.jar:na]
	at org.eclipse.osgi.internal.loader.BundleLoader.findClass(BundleLoader.java:414) [org.eclipse.osgi_3.13.100.v20180827-1536.jar:na]
	at org.eclipse.osgi.internal.loader.ModuleClassLoader.loadClass(ModuleClassLoader.java:153) [org.eclipse.osgi_3.13.100.v20180827-1536.jar:na]
	at java.lang.ClassLoader.loadClass(ClassLoader.java:357) [na:1.8.0_192]
	at org.eclipse.osgi.internal.framework.EquinoxBundle.loadClass(EquinoxBundle.java:612) [org.eclipse.osgi_3.13.100.v20180827-1536.jar:na]
	at org.eclipse.core.internal.registry.osgi.RegistryStrategyOSGI.createExecutableExtension(RegistryStrategyOSGI.java:180) [org.eclipse.equinox.registry_3.8.100.v20180827-1235.jar:na]
	at org.eclipse.core.internal.registry.ExtensionRegistry.createExecutableExtension(ExtensionRegistry.java:934) [org.eclipse.equinox.registry_3.8.100.v20180827-1235.jar:na]
	at org.eclipse.core.internal.registry.ConfigurationElement.createExecutableExtension(ConfigurationElement.java:246) [org.eclipse.equinox.registry_3.8.100.v20180827-1235.jar:na]
	at org.eclipse.core.internal.registry.ConfigurationElementHandle.createExecutableExtension(ConfigurationElementHandle.java:63) [org.eclipse.equinox.registry_3.8.100.v20180827-1235.jar:na]
	at org.eclipse.ui.internal.WorkbenchPlugin.lambda$0(WorkbenchPlugin.java:291) [org.eclipse.ui.workbench_3.112.0.v20180906-1121.jar:na]
	at org.eclipse.swt.custom.BusyIndicator.showWhile(BusyIndicator.java:55) ~[org.eclipse.swt.win32.win32.x86_64_3.108.0.v20180904-1901.jar:na]
	at org.eclipse.ui.internal.WorkbenchPlugin.createExtension(WorkbenchPlugin.java:288) [org.eclipse.ui.workbench_3.112.0.v20180906-1121.jar:na]
	at org.eclipse.ui.internal.decorators.LightweightDecoratorDefinition$1.run(LightweightDecoratorDefinition.java:128) ~[org.eclipse.ui.workbench_3.112.0.v20180906-1121.jar:na]
	at org.eclipse.core.runtime.SafeRunner.run(SafeRunner.java:45) ~[org.eclipse.equinox.common_3.10.100.v20180827-1235.jar:na]
	at org.eclipse.ui.internal.decorators.LightweightDecoratorDefinition.internalGetDecorator(LightweightDecoratorDefinition.java:123) ~[org.eclipse.ui.workbench_3.112.0.v20180906-1121.jar:na]
	at org.eclipse.ui.internal.decorators.LightweightDecoratorDefinition.decorate(LightweightDecoratorDefinition.java:245) ~[org.eclipse.ui.workbench_3.112.0.v20180906-1121.jar:na]
	at org.eclipse.ui.internal.decorators.LightweightDecoratorManager$LightweightRunnable.run(LightweightDecoratorManager.java:107) ~[org.eclipse.ui.workbench_3.112.0.v20180906-1121.jar:na]
	at org.eclipse.core.runtime.SafeRunner.run(SafeRunner.java:45) ~[org.eclipse.equinox.common_3.10.100.v20180827-1235.jar:na]
	at org.eclipse.ui.internal.decorators.LightweightDecoratorManager.decorate(LightweightDecoratorManager.java:380) ~[org.eclipse.ui.workbench_3.112.0.v20180906-1121.jar:na]
	at org.eclipse.ui.internal.decorators.LightweightDecoratorManager.getDecorations(LightweightDecoratorManager.java:362) ~[org.eclipse.ui.workbench_3.112.0.v20180906-1121.jar:na]
	at org.eclipse.ui.internal.decorators.DecorationScheduler$1.ensureResultCached(DecorationScheduler.java:350) ~[org.eclipse.ui.workbench_3.112.0.v20180906-1121.jar:na]
	at org.eclipse.ui.internal.decorators.DecorationScheduler$1.run(DecorationScheduler.java:313) ~[org.eclipse.ui.workbench_3.112.0.v20180906-1121.jar:na]
	at org.eclipse.core.internal.jobs.Worker.run(Worker.java:63) ~[org.eclipse.core.jobs_3.10.100.v20180817-1215.jar:na]
